DEPRECATION WARNING: config.action_view.debug_rjs will be removed in 3.1, from 3.1 onwards you will need to install prototype-rails to continue to use RJS templates . (called from /Users/rcheng/RubyRails/rails_projects/billable_mileage/config/environment.rb:5)


Started GET "/" for 127.0.0.1 at Wed Oct 26 21:39:38 -0500 2011
  Processing by PagesController#home as HTML
Completed 500 Internal Server Error in 31ms

ActiveRecord::StatementInvalid (Could not find table 'users'):
  app/models/user.rb:70:in `authenticate_with_salt'
  app/helpers/sessions_helper.rb:46:in `user_from_remember_token'
  app/helpers/sessions_helper.rb:13:in `current_user'
  app/helpers/sessions_helper.rb:17:in `signed_in?'
  app/controllers/pages_controller.rb:5:in `home'

Rendered /Library/Ruby/Gems/1.8/gems/actionpack-3.0.9/lib/action_dispatch/middleware/templates/rescues/_trace.erb (0.9ms)
Rendered /Library/Ruby/Gems/1.8/gems/actionpack-3.0.9/lib/action_dispatch/middleware/templates/rescues/_request_and_response.erb (3.0ms)
Rendered /Library/Ruby/Gems/1.8/gems/actionpack-3.0.9/lib/action_dispatch/middleware/templates/rescues/diagnostics.erb within rescues/layout (7.2ms)
DEPRECATION WARNING: config.action_view.debug_rjs will be removed in 3.1, from 3.1 onwards you will need to install prototype-rails to continue to use RJS templates . (called from /Users/rcheng/RubyRails/rails_projects/billable_mileage/config/environment.rb:5)
  [1m[36mSQL (0.2ms)[0m  [1m SELECT name
 FROM sqlite_master
 WHERE type = 'table' AND NOT name = 'sqlite_sequence'
[0m
  [1m[35mSQL (0.1ms)[0m  select sqlite_version(*)
  [1m[36mSQL (55.4ms)[0m  [1mCREATE TABLE "schema_migrations" ("version" varchar(255) NOT NULL) [0m
  [1m[35mSQL (0.0ms)[0m  PRAGMA index_list("schema_migrations")
  [1m[36mSQL (2.6ms)[0m  [1mCREATE UNIQUE INDEX "unique_schema_migrations" ON "schema_migrations" ("version")[0m
  [1m[35mSQL (0.1ms)[0m   SELECT name
 FROM sqlite_master
 WHERE type = 'table' AND NOT name = 'sqlite_sequence'
  [1m[36mSQL (0.1ms)[0m  [1m SELECT name
 FROM sqlite_master
 WHERE type = 'table' AND NOT name = 'sqlite_sequence'
[0m
  [1m[35mSQL (0.1ms)[0m  SELECT "schema_migrations"."version" FROM "schema_migrations"
Migrating to CreateUsers (20100821203213)
  [1m[36mSQL (0.3ms)[0m  [1mCREATE TABLE "users" ("id" INTEGER PRIMARY KEY AUTOINCREMENT NOT NULL, "name" varchar(255), "email" varchar(255), "created_at" datetime, "updated_at" datetime) [0m
  [1m[35mSQL (0.1ms)[0m  INSERT INTO "schema_migrations" ("version") VALUES ('20100821203213')
Migrating to AddEmailUniquenessIndex (20100822012431)
  [1m[36mSQL (0.0ms)[0m  [1mPRAGMA index_list("users")[0m
  [1m[35mSQL (0.2ms)[0m  CREATE UNIQUE INDEX "index_users_on_email" ON "users" ("email")
  [1m[36mSQL (0.1ms)[0m  [1mINSERT INTO "schema_migrations" ("version") VALUES ('20100822012431')[0m
Migrating to AddPasswordToUsers (20100822204528)
  [1m[35mSQL (0.3ms)[0m  ALTER TABLE "users" ADD "encrypted_password" varchar(255)
  [1m[36mSQL (0.1ms)[0m  [1mINSERT INTO "schema_migrations" ("version") VALUES ('20100822204528')[0m
Migrating to AddSaltToUsers (20100822233125)
  [1m[35mSQL (0.3ms)[0m  ALTER TABLE "users" ADD "salt" varchar(255)
  [1m[36mSQL (0.1ms)[0m  [1mINSERT INTO "schema_migrations" ("version") VALUES ('20100822233125')[0m
Migrating to AddAdminToUsers (20100829021049)
  [1m[35mSQL (0.4ms)[0m  ALTER TABLE "users" ADD "admin" boolean DEFAULT 'f'
  [1m[36mSQL (0.1ms)[0m  [1mINSERT INTO "schema_migrations" ("version") VALUES ('20100829021049')[0m
Migrating to CreateMicroposts (20100829210229)
  [1m[35mSQL (0.3ms)[0m  CREATE TABLE "microposts" ("id" INTEGER PRIMARY KEY AUTOINCREMENT NOT NULL, "content" varchar(255), "user_id" integer, "created_at" datetime, "updated_at" datetime) 
  [1m[36mSQL (0.0ms)[0m  [1mPRAGMA index_list("microposts")[0m
  [1m[35mSQL (0.1ms)[0m  CREATE INDEX "index_microposts_on_user_id_and_created_at" ON "microposts" ("user_id", "created_at")
  [1m[36mSQL (0.1ms)[0m  [1mINSERT INTO "schema_migrations" ("version") VALUES ('20100829210229')[0m
Migrating to CreateRelationships (20100831012055)
  [1m[35mSQL (0.2ms)[0m  CREATE TABLE "relationships" ("id" INTEGER PRIMARY KEY AUTOINCREMENT NOT NULL, "follower_id" integer, "followed_id" integer, "created_at" datetime, "updated_at" datetime) 
  [1m[36mSQL (0.0ms)[0m  [1mPRAGMA index_list("relationships")[0m
  [1m[35mSQL (0.1ms)[0m  CREATE INDEX "index_relationships_on_follower_id" ON "relationships" ("follower_id")
  [1m[36mSQL (0.1ms)[0m  [1mPRAGMA index_list("relationships")[0m
  [1m[35mSQL (0.0ms)[0m  PRAGMA index_info('index_relationships_on_follower_id')
  [1m[36mSQL (0.1ms)[0m  [1mCREATE INDEX "index_relationships_on_followed_id" ON "relationships" ("followed_id")[0m
  [1m[35mSQL (0.1ms)[0m  PRAGMA index_list("relationships")
  [1m[36mSQL (0.0ms)[0m  [1mPRAGMA index_info('index_relationships_on_followed_id')[0m
  [1m[35mSQL (0.0ms)[0m  PRAGMA index_info('index_relationships_on_follower_id')
  [1m[36mSQL (15.2ms)[0m  [1mCREATE UNIQUE INDEX "index_relationships_on_follower_id_and_followed_id" ON "relationships" ("follower_id", "followed_id")[0m
  [1m[35mSQL (0.1ms)[0m  INSERT INTO "schema_migrations" ("version") VALUES ('20100831012055')
  [1m[36mSQL (0.2ms)[0m  [1m SELECT name
 FROM sqlite_master
 WHERE type = 'table' AND NOT name = 'sqlite_sequence'
[0m
  [1m[35mSQL (0.1ms)[0m  SELECT "schema_migrations"."version" FROM "schema_migrations"
  [1m[36mSQL (0.1ms)[0m  [1m SELECT name
 FROM sqlite_master
 WHERE type = 'table' AND NOT name = 'sqlite_sequence'
[0m
  [1m[35mSQL (0.0ms)[0m  PRAGMA index_list("microposts")
  [1m[36mSQL (0.1ms)[0m  [1mPRAGMA index_info('index_microposts_on_user_id_and_created_at')[0m
  [1m[35mSQL (0.1ms)[0m  PRAGMA index_list("relationships")
  [1m[36mSQL (0.0ms)[0m  [1mPRAGMA index_info('index_relationships_on_follower_id_and_followed_id')[0m
  [1m[35mSQL (0.0ms)[0m  PRAGMA index_info('index_relationships_on_followed_id')
  [1m[36mSQL (0.0ms)[0m  [1mPRAGMA index_info('index_relationships_on_follower_id')[0m
  [1m[35mSQL (0.0ms)[0m  PRAGMA index_list("users")
  [1m[36mSQL (0.0ms)[0m  [1mPRAGMA index_info('index_users_on_email')[0m
DEPRECATION WARNING: config.action_view.debug_rjs will be removed in 3.1, from 3.1 onwards you will need to install prototype-rails to continue to use RJS templates . (called from /Users/rcheng/RubyRails/rails_projects/billable_mileage/config/environment.rb:5)


Started GET "/" for 127.0.0.1 at Wed Oct 26 21:40:51 -0500 2011
  Processing by PagesController#home as HTML
  [1m[36mSQL (0.2ms)[0m  [1m SELECT name
 FROM sqlite_master
 WHERE type = 'table' AND NOT name = 'sqlite_sequence'
[0m
  [1m[35mUser Load (0.1ms)[0m  SELECT "users".* FROM "users" WHERE "users"."id" IS NULL LIMIT 1
  [1m[36mCACHE (0.0ms)[0m  [1mSELECT "users".* FROM "users" WHERE "users"."id" IS NULL LIMIT 1[0m
Rendered layouts/_stylesheets.html.erb (0.9ms)
  [1m[35mCACHE (0.0ms)[0m  SELECT "users".* FROM "users" WHERE "users"."id" IS NULL LIMIT 1
  [1m[36mCACHE (0.0ms)[0m  [1mSELECT "users".* FROM "users" WHERE "users"."id" IS NULL LIMIT 1[0m
Rendered layouts/_header.html.erb (2.3ms)
Rendered layouts/_footer.html.erb (0.8ms)
Rendered pages/home.html.erb within layouts/application (10.4ms)
Completed 200 OK in 103ms (Views: 14.8ms | ActiveRecord: 0.3ms)
